<?xml version="1.0" encoding="UTF-8"?>
<testsuite name="codewhale.doortreeandroid.MaintenanceRequestParserTest" tests="2" skipped="0" failures="0" errors="0" timestamp="2026-04-03T20:26:03.991Z" hostname="Claudio-Pietrantonios-MacBook-Pro-2.local" time="0.046">
  <properties/>
  <testcase name="parsesNestedMaintenanceRequestsFromYearMonthDayShape" classname="codewhale.doortreeandroid.MaintenanceRequestParserTest" time="0.045"/>
  <testcase name="parsesMaintenanceRequestsWhenDaysAreSerializedAsArray" classname="codewhale.doortreeandroid.MaintenanceRequestParserTest" time="0.001"/>
  <system-out><![CDATA[]]></system-out>
  <system-err><![CDATA[]]></system-err>
</testsuite>
